[GIN-debug] GET    /imgs/*filepath           --> github.com/gin-gonic/gin.(*RouterGroup).createStaticHandler.func1 (3 handlers)
[GIN-debug] HEAD   /imgs/*filepath           --> github.com/gin-gonic/gin.(*RouterGroup).createStaticHandler.func1 (3 handlers)
[GIN-debug] POST   /login/login              --> github.com/lutasam/doctors/biz/handler.(*LoginController).Login-fm (4 handlers)
[GIN-debug] POST   /login/apply_register     --> github.com/lutasam/doctors/biz/handler.(*LoginController).ApplyRegister-fm (4 handlers)
[GIN-debug] POST   /login/active_user        --> github.com/lutasam/doctors/biz/handler.(*LoginController).ActiveUser-fm (4 handlers)
[GIN-debug] POST   /login/reset_password     --> github.com/lutasam/doctors/biz/handler.(*LoginController).ResetPassword-fm (4 handlers)
[GIN-debug] POST   /login/active_reset_password --> github.com/lutasam/doctors/biz/handler.(*LoginController).ActiveResetPassword-fm (4 handlers)
[GIN-debug] POST   /login/apply_change_user_email --> github.com/lutasam/doctors/biz/handler.(*LoginController).ApplyChangeUserEmail-fm (5 handlers)
[GIN-debug] POST   /login/active_change_user_email --> github.com/lutasam/doctors/biz/handler.(*LoginController).ActiveChangeUserEmail-fm (5 handlers)
[GIN-debug] POST   /talk/get_talked_users    --> github.com/lutasam/doctors/biz/handler.(*TalkController).GetTalkedUsers-fm (4 handlers)
[GIN-debug] POST   /talk/add_talked_user     --> github.com/lutasam/doctors/biz/handler.(*TalkController).AddTalkedUser-fm (4 handlers)
[GIN-debug] POST   /talk/set_user_online     --> github.com/lutasam/doctors/biz/handler.(*TalkController).SetUserOnline-fm (4 handlers)
[GIN-debug] POST   /talk/set_user_offline    --> github.com/lutasam/doctors/biz/handler.(*TalkController).SetUserOffline-fm (4 handlers)
[GIN-debug] GET    /talk/ws/:channel_id      --> github.com/lutasam/doctors/biz/handler.RegisterTalkRouter.func2 (3 handlers)
[GIN-debug] POST   /user/update_user_info    --> github.com/lutasam/doctors/biz/handler.(*UserController).UpdateUserInfo-fm (5 handlers)
[GIN-debug] POST   /user/take_user_info      --> github.com/lutasam/doctors/biz/handler.(*UserController).TakeUserInfo-fm (5 handlers)
[GIN-debug] POST   /user/find_users          --> github.com/lutasam/doctors/biz/handler.(*UserController).FindUsers-fm (5 handlers)
[GIN-debug] POST   /user/delete_user         --> github.com/lutasam/doctors/biz/handler.(*UserController).DeleteUser-fm (5 handlers)
[GIN-debug] POST   /hospital/find_hospitals  --> github.com/lutasam/doctors/biz/handler.(*HospitalController).FindHospitals-fm (5 handlers)
[GIN-debug] POST   /hospital/take_hospital_info --> github.com/lutasam/doctors/biz/handler.(*HospitalController).TakeHospitalInfo-fm (5 handlers)
[GIN-debug] POST   /hospital/find_hospital_department_names --> github.com/lutasam/doctors/biz/handler.(*HospitalController).FindHospitalDepartmentNames-fm (5 handlers)
[GIN-debug] POST   /hospital/create_hospital --> github.com/lutasam/doctors/biz/handler.(*HospitalController).CreateHospital-fm (5 handlers)
[GIN-debug] POST   /hospital/update_hospital_info --> github.com/lutasam/doctors/biz/handler.(*HospitalController).UpdateHospitalInfo-fm (5 handlers)
[GIN-debug] POST   /hospital/delete_hospital --> github.com/lutasam/doctors/biz/handler.(*HospitalController).DeleteHospital-fm (5 handlers)
[GIN-debug] POST   /hospital/update_hospital_rate_score --> github.com/lutasam/doctors/biz/handler.(*HospitalController).UpdateHospitalRateScore-fm (5 handlers)
[GIN-debug] POST   /hospital/take_hospital_rank --> github.com/lutasam/doctors/biz/handler.(*HospitalController).TakeHospitalRank-fm (5 handlers)
[GIN-debug] POST   /hospital/set_hospital_read_count --> github.com/lutasam/doctors/biz/handler.(*HospitalController).SetHospitalReadCount-fm (5 handlers)
[GIN-debug] POST   /hospital/take_hospital_read_count --> github.com/lutasam/doctors/biz/handler.(*HospitalController).TakeHospitalReadCount-fm (5 handlers)
[GIN-debug] POST   /doctor/take_doctor_info  --> github.com/lutasam/doctors/biz/handler.(*DoctorController).TakeDoctorInfo-fm (5 handlers)
[GIN-debug] POST   /doctor/update_doctor_info --> github.com/lutasam/doctors/biz/handler.(*DoctorController).UpdateDoctorInfo-fm (5 handlers)
[GIN-debug] POST   /doctor/find_doctors      --> github.com/lutasam/doctors/biz/handler.(*DoctorController).FindDoctors-fm (5 handlers)
[GIN-debug] POST   /doctor/delete_doctor     --> github.com/lutasam/doctors/biz/handler.(*DoctorController).DeleteDoctor-fm (5 handlers)
[GIN-debug] POST   /doctor/active_doctor     --> github.com/lutasam/doctors/biz/handler.(*DoctorController).ActiveDoctor-fm (5 handlers)
[GIN-debug] POST   /doctor/find_hospital_doctors --> github.com/lutasam/doctors/biz/handler.(*DoctorController).FindHospitalDoctors-fm (5 handlers)
[GIN-debug] POST   /doctor/update_doctor_rate_score --> github.com/lutasam/doctors/biz/handler.(*DoctorController).UpdateDoctorRateScore-fm (5 handlers)
[GIN-debug] POST   /doctor/take_doctor_rank  --> github.com/lutasam/doctors/biz/handler.(*DoctorController).TakeDoctorRank-fm (5 handlers)
[GIN-debug] POST   /doctor/set_doctor_read_count --> github.com/lutasam/doctors/biz/handler.(*DoctorController).SetDoctorReadCount-fm (5 handlers)
[GIN-debug] POST   /doctor/take_doctor_read_count --> github.com/lutasam/doctors/biz/handler.(*DoctorController).TakeDoctorReadCount-fm (5 handlers)
[GIN-debug] POST   /inquiry/create_inquiry   --> github.com/lutasam/doctors/biz/handler.(*InquiryController).CreateInquiry-fm (5 handlers)
[GIN-debug] POST   /inquiry/delete_inquiry   --> github.com/lutasam/doctors/biz/handler.(*InquiryController).DeleteInquiry-fm (5 handlers)
[GIN-debug] POST   /inquiry/upload_reply_suggestion --> github.com/lutasam/doctors/biz/handler.(*InquiryController).UploadReplySuggestion-fm (5 handlers)
[GIN-debug] POST   /inquiry/find_inquiry_titles --> github.com/lutasam/doctors/biz/handler.(*InquiryController).FindInquiryTitles-fm (5 handlers)
[GIN-debug] POST   /inquiry/find_inquiry     --> github.com/lutasam/doctors/biz/handler.(*InquiryController).FindInquiry-fm (5 handlers)
[GIN-debug] POST   /inquiry/find_doctor_inquiries --> github.com/lutasam/doctors/biz/handler.(*InquiryController).FindDoctorInquiries-fm (5 handlers)
[GIN-debug] POST   /inquiry/find_user_inquiries --> github.com/lutasam/doctors/biz/handler.(*InquiryController).FindUserInquiries-fm (5 handlers)
[GIN-debug] POST   /inquiry/find_doctor_suggestion_inquiries --> github.com/lutasam/doctors/biz/handler.(*InquiryController).FindDoctorSuggestionInquiries-fm (5 handlers)
[GIN-debug] POST   /file/upload_image        --> github.com/lutasam/doctors/biz/handler.(*FileController).UploadImage-fm (3 handlers)
[GIN-debug] POST   /file/upload_file         --> github.com/lutasam/doctors/biz/handler.(*FileController).UploadFile-fm (3 handlers)
[GIN-debug] POST   /file/download_file       --> github.com/lutasam/doctors/biz/handler.(*FileController).DownloadFile-fm (3 handlers)
[GIN-debug] POST   /comment/add_comment      --> github.com/lutasam/doctors/biz/handler.(*CommentController).AddComment-fm (5 handlers)
[GIN-debug] POST   /comment/find_comments    --> github.com/lutasam/doctors/biz/handler.(*CommentController).FindComments-fm (5 handlers)
[GIN-debug] [WARNING] You trusted all proxies, this is NOT safe. We recommend you to set a value.
Please check https://pkg.go.dev/github.com/gin-gonic/gin#readme-don-t-trust-all-proxies for details.
[GIN-debug] Listening and serving HTTP on :8081
